Determining if the pthread_create exist failed with the following output:
Change Dir: /home/axelzucho/Documents/Github/facial_recognition/BUILD/CMakeFiles/CMakeTmp

Run Build Command:"/usr/bin/make" "cmTC_2938a/fast"
/usr/bin/make -f CMakeFiles/cmTC_2938a.dir/build.make CMakeFiles/cmTC_2938a.dir/build
make[1]: Entering directory '/home/axelzucho/Documents/Github/facial_recognition/BUILD/CMakeFiles/CMakeTmp'
Building C object CMakeFiles/cmTC_2938a.dir/CheckSymbolExists.c.o
/usr/bin/cc     -o CMakeFiles/cmTC_2938a.dir/CheckSymbolExists.c.o   -c /home/axelzucho/Documents/Github/facial_recognition/BUILD/CMakeFiles/CMakeTmp/CheckSymbolExists.c
Linking C executable cmTC_2938a
/usr/bin/cmake -E cmake_link_script CMakeFiles/cmTC_2938a.dir/link.txt --verbose=1
/usr/bin/cc       CMakeFiles/cmTC_2938a.dir/CheckSymbolExists.c.o  -o cmTC_2938a -rdynamic 
CMakeFiles/cmTC_2938a.dir/CheckSymbolExists.c.o: In function `main':
CheckSymbolExists.c:(.text+0x16): undefined reference to `pthread_create'
collect2: error: ld returned 1 exit status
CMakeFiles/cmTC_2938a.dir/build.make:97: recipe for target 'cmTC_2938a' failed
make[1]: *** [cmTC_2938a] Error 1
make[1]: Leaving directory '/home/axelzucho/Documents/Github/facial_recognition/BUILD/CMakeFiles/CMakeTmp'
Makefile:126: recipe for target 'cmTC_2938a/fast' failed
make: *** [cmTC_2938a/fast] Error 2

File /home/axelzucho/Documents/Github/facial_recognition/BUILD/CMakeFiles/CMakeTmp/CheckSymbolExists.c:
/* */
#include <pthread.h>

int main(int argc, char** argv)
{
  (void)argv;
#ifndef pthread_create
  return ((int*)(&pthread_create))[argc];
#else
  (void)argc;
  return 0;
#endif
}

Determining if the function pthread_create exists in the pthreads failed with the following output:
Change Dir: /home/axelzucho/Documents/Github/facial_recognition/BUILD/CMakeFiles/CMakeTmp

Run Build Command:"/usr/bin/make" "cmTC_a52e3/fast"
/usr/bin/make -f CMakeFiles/cmTC_a52e3.dir/build.make CMakeFiles/cmTC_a52e3.dir/build
make[1]: Entering directory '/home/axelzucho/Documents/Github/facial_recognition/BUILD/CMakeFiles/CMakeTmp'
Building C object CMakeFiles/cmTC_a52e3.dir/CheckFunctionExists.c.o
/usr/bin/cc    -DCHECK_FUNCTION_EXISTS=pthread_create   -o CMakeFiles/cmTC_a52e3.dir/CheckFunctionExists.c.o   -c /usr/share/cmake-3.5/Modules/CheckFunctionExists.c
Linking C executable cmTC_a52e3
/usr/bin/cmake -E cmake_link_script CMakeFiles/cmTC_a52e3.dir/link.txt --verbose=1
/usr/bin/cc   -DCHECK_FUNCTION_EXISTS=pthread_create    CMakeFiles/cmTC_a52e3.dir/CheckFunctionExists.c.o  -o cmTC_a52e3 -rdynamic -lpthreads 
/usr/bin/ld: cannot find -lpthreads
collect2: error: ld returned 1 exit status
CMakeFiles/cmTC_a52e3.dir/build.make:97: recipe for target 'cmTC_a52e3' failed
make[1]: *** [cmTC_a52e3] Error 1
make[1]: Leaving directory '/home/axelzucho/Documents/Github/facial_recognition/BUILD/CMakeFiles/CMakeTmp'
Makefile:126: recipe for target 'cmTC_a52e3/fast' failed
make: *** [cmTC_a52e3/fast] Error 2


Determining if the function sgesv exists failed with the following output:
Change Dir: /home/axelzucho/Documents/Github/facial_recognition/BUILD/CMakeFiles/CMakeTmp

Run Build Command:"/usr/bin/make" "cmTC_ef921/fast"
/usr/bin/make -f CMakeFiles/cmTC_ef921.dir/build.make CMakeFiles/cmTC_ef921.dir/build
make[1]: Entering directory '/home/axelzucho/Documents/Github/facial_recognition/BUILD/CMakeFiles/CMakeTmp'
Building C object CMakeFiles/cmTC_ef921.dir/CheckFunctionExists.c.o
/usr/bin/cc    -DCHECK_FUNCTION_EXISTS=sgesv   -o CMakeFiles/cmTC_ef921.dir/CheckFunctionExists.c.o   -c /usr/share/cmake-3.5/Modules/CheckFunctionExists.c
Linking C executable cmTC_ef921
/usr/bin/cmake -E cmake_link_script CMakeFiles/cmTC_ef921.dir/link.txt --verbose=1
/usr/bin/cc   -DCHECK_FUNCTION_EXISTS=sgesv    CMakeFiles/cmTC_ef921.dir/CheckFunctionExists.c.o  -o cmTC_ef921 -rdynamic 
CMakeFiles/cmTC_ef921.dir/CheckFunctionExists.c.o: In function `main':
CheckFunctionExists.c:(.text+0x15): undefined reference to `sgesv'
collect2: error: ld returned 1 exit status
CMakeFiles/cmTC_ef921.dir/build.make:97: recipe for target 'cmTC_ef921' failed
make[1]: *** [cmTC_ef921] Error 1
make[1]: Leaving directory '/home/axelzucho/Documents/Github/facial_recognition/BUILD/CMakeFiles/CMakeTmp'
Makefile:126: recipe for target 'cmTC_ef921/fast' failed
make: *** [cmTC_ef921/fast] Error 2


Determining if the function sgesv_ exists failed with the following output:
Change Dir: /home/axelzucho/Documents/Github/facial_recognition/BUILD/CMakeFiles/CMakeTmp

Run Build Command:"/usr/bin/make" "cmTC_a999c/fast"
/usr/bin/make -f CMakeFiles/cmTC_a999c.dir/build.make CMakeFiles/cmTC_a999c.dir/build
make[1]: Entering directory '/home/axelzucho/Documents/Github/facial_recognition/BUILD/CMakeFiles/CMakeTmp'
Building C object CMakeFiles/cmTC_a999c.dir/CheckFunctionExists.c.o
/usr/bin/cc    -DCHECK_FUNCTION_EXISTS=sgesv_   -o CMakeFiles/cmTC_a999c.dir/CheckFunctionExists.c.o   -c /usr/share/cmake-3.5/Modules/CheckFunctionExists.c
Linking C executable cmTC_a999c
/usr/bin/cmake -E cmake_link_script CMakeFiles/cmTC_a999c.dir/link.txt --verbose=1
/usr/bin/cc   -DCHECK_FUNCTION_EXISTS=sgesv_    CMakeFiles/cmTC_a999c.dir/CheckFunctionExists.c.o  -o cmTC_a999c -rdynamic 
CMakeFiles/cmTC_a999c.dir/CheckFunctionExists.c.o: In function `main':
CheckFunctionExists.c:(.text+0x15): undefined reference to `sgesv_'
collect2: error: ld returned 1 exit status
CMakeFiles/cmTC_a999c.dir/build.make:97: recipe for target 'cmTC_a999c' failed
make[1]: *** [cmTC_a999c] Error 1
make[1]: Leaving directory '/home/axelzucho/Documents/Github/facial_recognition/BUILD/CMakeFiles/CMakeTmp'
Makefile:126: recipe for target 'cmTC_a999c/fast' failed
make: *** [cmTC_a999c/fast] Error 2


